This file contains any messages produced by compilers while
running configure, to aid debugging if configure makes a mistake.

It was created by the_silver_searcher configure 0.24.1, which was
generated by GNU Autoconf 2.68.  Invocation command line was

  $ ./configure 

## --------- ##
## Platform. ##
## --------- ##

hostname = gpm300x-VirtualBox
uname -m = i686
uname -r = 3.11.0-15-generic
uname -s = Linux
uname -v = #25~precise1-Ubuntu SMP Thu Jan 30 17:42:40 UTC 2014

/usr/bin/uname -p = unknown
/bin/uname -X     = unknown

/bin/arch              = unknown
/usr/bin/arch -k       = unknown
/usr/convex/getsysinfo = unknown
/usr/bin/hostinfo      = unknown
/bin/machine           = unknown
/usr/bin/oslevel       = unknown
/bin/universe          = unknown

PATH: /usr/lib/lightdm/lightdm
PATH: /usr/local/sbin
PATH: /usr/local/bin
PATH: /usr/sbin
PATH: /usr/bin
PATH: /sbin
PATH: /bin
PATH: /usr/games
PATH: /usr/local/bin


## ----------- ##
## Core tests. ##
## ----------- ##

configure:2317: checking for a BSD-compatible install
configure:2385: result: /usr/bin/install -c
configure:2396: checking whether build environment is sane
configure:2446: result: yes
configure:2587: checking for a thread-safe mkdir -p
configure:2626: result: /bin/mkdir -p
configure:2639: checking for gawk
configure:2669: result: no
configure:2639: checking for mawk
configure:2655: found /usr/bin/mawk
configure:2666: result: mawk
configure:2677: checking whether make sets $(MAKE)
configure:2699: result: yes
configure:2819: checking for gcc
configure:2835: found /usr/bin/gcc
configure:2846: result: gcc
configure:3075: checking for C compiler version
configure:3084: gcc --version >&5
gcc (Ubuntu/Linaro 4.6.3-1ubuntu5) 4.6.3
Copyright (C) 2011 Free Software Foundation, Inc.
This is free software; see the source for copying conditions.  There is NO
warranty; not even for MERCHANTABILITY or FITNESS FOR A PARTICULAR PURPOSE.

configure:3095: $? = 0
configure:3084: gcc -v >&5
Using built-in specs.
COLLECT_GCC=gcc
COLLECT_LTO_WRAPPER=/usr/lib/gcc/i686-linux-gnu/4.6/lto-wrapper
Target: i686-linux-gnu
Configured with: ../src/configure -v --with-pkgversion='Ubuntu/Linaro 4.6.3-1ubuntu5' --with-bugurl=file:///usr/share/doc/gcc-4.6/README.Bugs --enable-languages=c,c++,fortran,objc,obj-c++ --prefix=/usr --program-suffix=-4.6 --enable-shared --enable-linker-build-id --with-system-zlib --libexecdir=/usr/lib --without-included-gettext --enable-threads=posix --with-gxx-include-dir=/usr/include/c++/4.6 --libdir=/usr/lib --enable-nls --with-sysroot=/ --enable-clocale=gnu --enable-libstdcxx-debug --enable-libstdcxx-time=yes --enable-gnu-unique-object --enable-plugin --enable-objc-gc --enable-targets=all --disable-werror --with-arch-32=i686 --with-tune=generic --enable-checking=release --build=i686-linux-gnu --host=i686-linux-gnu --target=i686-linux-gnu
Thread model: posix
gcc version 4.6.3 (Ubuntu/Linaro 4.6.3-1ubuntu5) 
configure:3095: $? = 0
configure:3084: gcc -V >&5
gcc: error: unrecognized option '-V'
gcc: fatal error: no input files
compilation terminated.
configure:3095: $? = 4
configure:3084: gcc -qversion >&5
gcc: error: unrecognized option '-qversion'
gcc: fatal error: no input files
compilation terminated.
configure:3095: $? = 4
configure:3115: checking whether the C compiler works
configure:3137: gcc    conftest.c  >&5
configure:3141: $? = 0
configure:3189: result: yes
configure:3192: checking for C compiler default output file name
configure:3194: result: a.out
configure:3200: checking for suffix of executables
configure:3207: gcc -o conftest    conftest.c  >&5
configure:3211: $? = 0
configure:3233: result: 
configure:3255: checking whether we are cross compiling
configure:3263: gcc -o conftest    conftest.c  >&5
configure:3267: $? = 0
configure:3274: ./conftest
configure:3278: $? = 0
configure:3293: result: no
configure:3298: checking for suffix of object files
configure:3320: gcc -c   conftest.c >&5
configure:3324: $? = 0
configure:3345: result: o
configure:3349: checking whether we are using the GNU C compiler
configure:3368: gcc -c   conftest.c >&5
configure:3368: $? = 0
configure:3377: result: yes
configure:3386: checking whether gcc accepts -g
configure:3406: gcc -c -g  conftest.c >&5
configure:3406: $? = 0
configure:3447: result: yes
configure:3464: checking for gcc option to accept ISO C89
configure:3528: gcc  -c -g -O2  conftest.c >&5
configure:3528: $? = 0
configure:3541: result: none needed
configure:3572: checking for style of include used by make
configure:3600: result: GNU
configure:3626: checking dependency style of gcc
configure:3737: result: gcc3
configure:3753: checking whether gcc and cc understand -c and -o together
configure:3784: gcc -c conftest.c -o conftest2.o >&5
configure:3788: $? = 0
configure:3794: gcc -c conftest.c -o conftest2.o >&5
configure:3798: $? = 0
configure:3809: cc -c conftest.c >&5
configure:3813: $? = 0
configure:3821: cc -c conftest.c -o conftest2.o >&5
configure:3825: $? = 0
configure:3831: cc -c conftest.c -o conftest2.o >&5
configure:3835: $? = 0
configure:3853: result: yes
configure:3891: checking whether make supports nested variables
configure:3908: result: yes
configure:3974: checking for pkg-config
configure:3992: found /usr/bin/pkg-config
configure:4004: result: /usr/bin/pkg-config
configure:4029: checking pkg-config is at least version 0.9.0
configure:4032: result: yes
configure:4042: checking for PCRE
configure:4049: $PKG_CONFIG --exists --print-errors "libpcre"
configure:4052: $? = 0
configure:4066: $PKG_CONFIG --exists --print-errors "libpcre"
configure:4069: $? = 0
configure:4127: result: yes
configure:4242: checking build system type
configure:4256: result: i686-pc-linux-gnu
configure:4276: checking host system type
configure:4289: result: i686-pc-linux-gnu
configure:4315: checking how to run the C preprocessor
configure:4346: gcc -E  conftest.c
configure:4346: $? = 0
configure:4360: gcc -E  conftest.c
conftest.c:9:28: fatal error: ac_nonexistent.h: No such file or directory
compilation terminated.
configure:4360: $? = 1
configure: failed program was:
| /* confdefs.h */
| #define PACKAGE_NAME "the_silver_searcher"
| #define PACKAGE_TARNAME "the_silver_searcher"
| #define PACKAGE_VERSION "0.24.1"
| #define PACKAGE_STRING "the_silver_searcher 0.24.1"
| #define PACKAGE_BUGREPORT "https://github.com/ggreer/the_silver_searcher/issues"
| #define PACKAGE_URL "https://github.com/ggreer/the_silver_searcher"
| /* end confdefs.h.  */
| #include <ac_nonexistent.h>
configure:4385: result: gcc -E
configure:4405: gcc -E  conftest.c
configure:4405: $? = 0
configure:4419: gcc -E  conftest.c
conftest.c:9:28: fatal error: ac_nonexistent.h: No such file or directory
compilation terminated.
configure:4419: $? = 1
configure: failed program was:
| /* confdefs.h */
| #define PACKAGE_NAME "the_silver_searcher"
| #define PACKAGE_TARNAME "the_silver_searcher"
| #define PACKAGE_VERSION "0.24.1"
| #define PACKAGE_STRING "the_silver_searcher 0.24.1"
| #define PACKAGE_BUGREPORT "https://github.com/ggreer/the_silver_searcher/issues"
| #define PACKAGE_URL "https://github.com/ggreer/the_silver_searcher"
| /* end confdefs.h.  */
| #include <ac_nonexistent.h>
configure:4448: checking for grep that handles long lines and -e
configure:4506: result: /bin/grep
configure:4511: checking for egrep
configure:4573: result: /bin/grep -E
configure:4578: checking for ANSI C header files
configure:4598: gcc -c -g -O2  conftest.c >&5
configure:4598: $? = 0
configure:4671: gcc -o conftest -g -O2   conftest.c  >&5
configure:4671: $? = 0
configure:4671: ./conftest
configure:4671: $? = 0
configure:4682: result: yes
configure:4695: checking for sys/types.h
configure:4695: gcc -c -g -O2  conftest.c >&5
configure:4695: $? = 0
configure:4695: result: yes
configure:4695: checking for sys/stat.h
configure:4695: gcc -c -g -O2  conftest.c >&5
configure:4695: $? = 0
configure:4695: result: yes
configure:4695: checking for stdlib.h
configure:4695: gcc -c -g -O2  conftest.c >&5
configure:4695: $? = 0
configure:4695: result: yes
configure:4695: checking for string.h
configure:4695: gcc -c -g -O2  conftest.c >&5
configure:4695: $? = 0
configure:4695: result: yes
configure:4695: checking for memory.h
configure:4695: gcc -c -g -O2  conftest.c >&5
configure:4695: $? = 0
configure:4695: result: yes
configure:4695: checking for strings.h
configure:4695: gcc -c -g -O2  conftest.c >&5
configure:4695: $? = 0
configure:4695: result: yes
configure:4695: checking for inttypes.h
configure:4695: gcc -c -g -O2  conftest.c >&5
configure:4695: $? = 0
configure:4695: result: yes
configure:4695: checking for stdint.h
configure:4695: gcc -c -g -O2  conftest.c >&5
configure:4695: $? = 0
configure:4695: result: yes
configure:4695: checking for unistd.h
configure:4695: gcc -c -g -O2  conftest.c >&5
configure:4695: $? = 0
configure:4695: result: yes
configure:4819: checking if compiler needs -Werror to reject unknown flags
configure:4835: gcc -c -g -O2 -Werror -Wunknown-warning-option -Wsizeof-array-argument  conftest.c >&5
cc1: error: unrecognized command line option '-Wunknown-warning-option'
cc1: error: unrecognized command line option '-Wsizeof-array-argument'
configure:4835: $? = 1
configure: failed program was:
| /* confdefs.h */
| #define PACKAGE_NAME "the_silver_searcher"
| #define PACKAGE_TARNAME "the_silver_searcher"
| #define PACKAGE_VERSION "0.24.1"
| #define PACKAGE_STRING "the_silver_searcher 0.24.1"
| #define PACKAGE_BUGREPORT "https://github.com/ggreer/the_silver_searcher/issues"
| #define PACKAGE_URL "https://github.com/ggreer/the_silver_searcher"
| #define STDC_HEADERS 1
| #define HAVE_SYS_TYPES_H 1
| #define HAVE_SYS_STAT_H 1
| #define HAVE_STDLIB_H 1
| #define HAVE_STRING_H 1
| #define HAVE_MEMORY_H 1
| #define HAVE_STRINGS_H 1
| #define HAVE_INTTYPES_H 1
| #define HAVE_STDINT_H 1
| #define HAVE_UNISTD_H 1
| /* end confdefs.h.  */
| int foo(void);
| int
| main ()
| {
| foo()
|   ;
|   return 0;
| }
configure:4840: result: no
configure:4906: checking for the pthreads library -lpthreads
configure:4944: gcc -o conftest -g -O2     conftest.c -lpthreads  >&5
/usr/bin/ld: cannot find -lpthreads
collect2: ld returned 1 exit status
configure:4944: $? = 1
configure: failed program was:
| /* confdefs.h */
| #define PACKAGE_NAME "the_silver_searcher"
| #define PACKAGE_TARNAME "the_silver_searcher"
| #define PACKAGE_VERSION "0.24.1"
| #define PACKAGE_STRING "the_silver_searcher 0.24.1"
| #define PACKAGE_BUGREPORT "https://github.com/ggreer/the_silver_searcher/issues"
| #define PACKAGE_URL "https://github.com/ggreer/the_silver_searcher"
| #define STDC_HEADERS 1
| #define HAVE_SYS_TYPES_H 1
| #define HAVE_SYS_STAT_H 1
| #define HAVE_STDLIB_H 1
| #define HAVE_STRING_H 1
| #define HAVE_MEMORY_H 1
| #define HAVE_STRINGS_H 1
| #define HAVE_INTTYPES_H 1
| #define HAVE_STDINT_H 1
| #define HAVE_UNISTD_H 1
| /* end confdefs.h.  */
| #include <pthread.h>
|                         static void routine(void *a) { a = 0; }
|                         static void *start_routine(void *a) { return a; }
| int
| main ()
| {
| pthread_t th; pthread_attr_t attr;
|                         pthread_create(&th, 0, start_routine, 0);
|                         pthread_join(th, 0);
|                         pthread_attr_init(&attr);
|                         pthread_cleanup_push(routine, 0);
|                         pthread_cleanup_pop(0) /* ; */
|   ;
|   return 0;
| }
configure:4953: result: no
configure:4851: checking whether pthreads work without any flags
configure:4944: gcc -o conftest -g -O2     conftest.c   >&5
/tmp/ccrxiQt4.o: In function `main':
/home/gpm300x/.vim/bundle/ag/conftest.c:26: undefined reference to `pthread_create'
/home/gpm300x/.vim/bundle/ag/conftest.c:27: undefined reference to `pthread_join'
/home/gpm300x/.vim/bundle/ag/conftest.c:29: undefined reference to `__pthread_register_cancel'
/home/gpm300x/.vim/bundle/ag/conftest.c:30: undefined reference to `__pthread_unregister_cancel'
collect2: ld returned 1 exit status
configure:4944: $? = 1
configure: failed program was:
| /* confdefs.h */
| #define PACKAGE_NAME "the_silver_searcher"
| #define PACKAGE_TARNAME "the_silver_searcher"
| #define PACKAGE_VERSION "0.24.1"
| #define PACKAGE_STRING "the_silver_searcher 0.24.1"
| #define PACKAGE_BUGREPORT "https://github.com/ggreer/the_silver_searcher/issues"
| #define PACKAGE_URL "https://github.com/ggreer/the_silver_searcher"
| #define STDC_HEADERS 1
| #define HAVE_SYS_TYPES_H 1
| #define HAVE_SYS_STAT_H 1
| #define HAVE_STDLIB_H 1
| #define HAVE_STRING_H 1
| #define HAVE_MEMORY_H 1
| #define HAVE_STRINGS_H 1
| #define HAVE_INTTYPES_H 1
| #define HAVE_STDINT_H 1
| #define HAVE_UNISTD_H 1
| /* end confdefs.h.  */
| #include <pthread.h>
|                         static void routine(void *a) { a = 0; }
|                         static void *start_routine(void *a) { return a; }
| int
| main ()
| {
| pthread_t th; pthread_attr_t attr;
|                         pthread_create(&th, 0, start_routine, 0);
|                         pthread_join(th, 0);
|                         pthread_attr_init(&attr);
|                         pthread_cleanup_push(routine, 0);
|                         pthread_cleanup_pop(0) /* ; */
|   ;
|   return 0;
| }
configure:4953: result: no
configure:4856: checking whether pthreads work with -Kthread
configure:4944: gcc -o conftest -g -O2 -Kthread    conftest.c   >&5
gcc: error: unrecognized option '-Kthread'
configure:4944: $? = 1
configure: failed program was:
| /* confdefs.h */
| #define PACKAGE_NAME "the_silver_searcher"
| #define PACKAGE_TARNAME "the_silver_searcher"
| #define PACKAGE_VERSION "0.24.1"
| #define PACKAGE_STRING "the_silver_searcher 0.24.1"
| #define PACKAGE_BUGREPORT "https://github.com/ggreer/the_silver_searcher/issues"
| #define PACKAGE_URL "https://github.com/ggreer/the_silver_searcher"
| #define STDC_HEADERS 1
| #define HAVE_SYS_TYPES_H 1
| #define HAVE_SYS_STAT_H 1
| #define HAVE_STDLIB_H 1
| #define HAVE_STRING_H 1
| #define HAVE_MEMORY_H 1
| #define HAVE_STRINGS_H 1
| #define HAVE_INTTYPES_H 1
| #define HAVE_STDINT_H 1
| #define HAVE_UNISTD_H 1
| /* end confdefs.h.  */
| #include <pthread.h>
|                         static void routine(void *a) { a = 0; }
|                         static void *start_routine(void *a) { return a; }
| int
| main ()
| {
| pthread_t th; pthread_attr_t attr;
|                         pthread_create(&th, 0, start_routine, 0);
|                         pthread_join(th, 0);
|                         pthread_attr_init(&attr);
|                         pthread_cleanup_push(routine, 0);
|                         pthread_cleanup_pop(0) /* ; */
|   ;
|   return 0;
| }
configure:4953: result: no
configure:4856: checking whether pthreads work with -kthread
configure:4944: gcc -o conftest -g -O2 -kthread    conftest.c   >&5
gcc: error: unrecognized option '-kthread'
configure:4944: $? = 1
configure: failed program was:
| /* confdefs.h */
| #define PACKAGE_NAME "the_silver_searcher"
| #define PACKAGE_TARNAME "the_silver_searcher"
| #define PACKAGE_VERSION "0.24.1"
| #define PACKAGE_STRING "the_silver_searcher 0.24.1"
| #define PACKAGE_BUGREPORT "https://github.com/ggreer/the_silver_searcher/issues"
| #define PACKAGE_URL "https://github.com/ggreer/the_silver_searcher"
| #define STDC_HEADERS 1
| #define HAVE_SYS_TYPES_H 1
| #define HAVE_SYS_STAT_H 1
| #define HAVE_STDLIB_H 1
| #define HAVE_STRING_H 1
| #define HAVE_MEMORY_H 1
| #define HAVE_STRINGS_H 1
| #define HAVE_INTTYPES_H 1
| #define HAVE_STDINT_H 1
| #define HAVE_UNISTD_H 1
| /* end confdefs.h.  */
| #include <pthread.h>
|                         static void routine(void *a) { a = 0; }
|                         static void *start_routine(void *a) { return a; }
| int
| main ()
| {
| pthread_t th; pthread_attr_t attr;
|                         pthread_create(&th, 0, start_routine, 0);
|                         pthread_join(th, 0);
|                         pthread_attr_init(&attr);
|                         pthread_cleanup_push(routine, 0);
|                         pthread_cleanup_pop(0) /* ; */
|   ;
|   return 0;
| }
configure:4953: result: no
configure:4906: checking for the pthreads library -llthread
configure:4944: gcc -o conftest -g -O2     conftest.c -llthread  >&5
/usr/bin/ld: cannot find -llthread
collect2: ld returned 1 exit status
configure:4944: $? = 1
configure: failed program was:
| /* confdefs.h */
| #define PACKAGE_NAME "the_silver_searcher"
| #define PACKAGE_TARNAME "the_silver_searcher"
| #define PACKAGE_VERSION "0.24.1"
| #define PACKAGE_STRING "the_silver_searcher 0.24.1"
| #define PACKAGE_BUGREPORT "https://github.com/ggreer/the_silver_searcher/issues"
| #define PACKAGE_URL "https://github.com/ggreer/the_silver_searcher"
| #define STDC_HEADERS 1
| #define HAVE_SYS_TYPES_H 1
| #define HAVE_SYS_STAT_H 1
| #define HAVE_STDLIB_H 1
| #define HAVE_STRING_H 1
| #define HAVE_MEMORY_H 1
| #define HAVE_STRINGS_H 1
| #define HAVE_INTTYPES_H 1
| #define HAVE_STDINT_H 1
| #define HAVE_UNISTD_H 1
| /* end confdefs.h.  */
| #include <pthread.h>
|                         static void routine(void *a) { a = 0; }
|                         static void *start_routine(void *a) { return a; }
| int
| main ()
| {
| pthread_t th; pthread_attr_t attr;
|                         pthread_create(&th, 0, start_routine, 0);
|                         pthread_join(th, 0);
|                         pthread_attr_init(&attr);
|                         pthread_cleanup_push(routine, 0);
|                         pthread_cleanup_pop(0) /* ; */
|   ;
|   return 0;
| }
configure:4953: result: no
configure:4856: checking whether pthreads work with -pthread
configure:4944: gcc -o conftest -g -O2 -pthread    conftest.c   >&5
configure:4944: $? = 0
configure:4953: result: yes
configure:4972: checking for joinable pthread attribute
configure:4987: gcc -o conftest -g -O2 -pthread   conftest.c   >&5
configure:4987: $? = 0
configure:4993: result: PTHREAD_CREATE_JOINABLE
configure:5003: checking if more special flags are required for pthreads
configure:5018: result: no
configure:5024: checking for PTHREAD_PRIO_INHERIT
configure:5041: gcc -o conftest -g -O2 -pthread   conftest.c   >&5
conftest.c: In function 'main':
conftest.c:23:9: error: 'PTHREAD_PRIO_INHERIT' undeclared (first use in this function)
conftest.c:23:9: note: each undeclared identifier is reported only once for each function it appears in
configure:5041: $? = 1
configure: failed program was:
| /* confdefs.h */
| #define PACKAGE_NAME "the_silver_searcher"
| #define PACKAGE_TARNAME "the_silver_searcher"
| #define PACKAGE_VERSION "0.24.1"
| #define PACKAGE_STRING "the_silver_searcher 0.24.1"
| #define PACKAGE_BUGREPORT "https://github.com/ggreer/the_silver_searcher/issues"
| #define PACKAGE_URL "https://github.com/ggreer/the_silver_searcher"
| #define STDC_HEADERS 1
| #define HAVE_SYS_TYPES_H 1
| #define HAVE_SYS_STAT_H 1
| #define HAVE_STDLIB_H 1
| #define HAVE_STRING_H 1
| #define HAVE_MEMORY_H 1
| #define HAVE_STRINGS_H 1
| #define HAVE_INTTYPES_H 1
| #define HAVE_STDINT_H 1
| #define HAVE_UNISTD_H 1
| /* end confdefs.h.  */
| #include <pthread.h>
| int
| main ()
| {
| int i = PTHREAD_PRIO_INHERIT;
|   ;
|   return 0;
| }
configure:5050: result: no
configure:5137: checking pthread.h usability
configure:5137: gcc -c -g -O2  conftest.c >&5
configure:5137: $? = 0
configure:5137: result: yes
configure:5137: checking pthread.h presence
configure:5137: gcc -E  conftest.c
configure:5137: $? = 0
configure:5137: result: yes
configure:5137: checking for pthread.h
configure:5137: result: yes
configure:5177: checking zlib.h usability
configure:5177: gcc -c -g -O2 -pthread   -Wall -Wextra -Wformat=2 -Wno-format-nonliteral -Wshadow -Wpointer-arith -Wcast-qual -Wmissing-prototypes -Wno-missing-braces -std=gnu89 -D_GNU_SOURCE -O2  conftest.c >&5
conftest.c:53:18: fatal error: zlib.h: No such file or directory
compilation terminated.
configure:5177: $? = 1
configure: failed program was:
| /* confdefs.h */
| #define PACKAGE_NAME "the_silver_searcher"
| #define PACKAGE_TARNAME "the_silver_searcher"
| #define PACKAGE_VERSION "0.24.1"
| #define PACKAGE_STRING "the_silver_searcher 0.24.1"
| #define PACKAGE_BUGREPORT "https://github.com/ggreer/the_silver_searcher/issues"
| #define PACKAGE_URL "https://github.com/ggreer/the_silver_searcher"
| #define STDC_HEADERS 1
| #define HAVE_SYS_TYPES_H 1
| #define HAVE_SYS_STAT_H 1
| #define HAVE_STDLIB_H 1
| #define HAVE_STRING_H 1
| #define HAVE_MEMORY_H 1
| #define HAVE_STRINGS_H 1
| #define HAVE_INTTYPES_H 1
| #define HAVE_STDINT_H 1
| #define HAVE_UNISTD_H 1
| #define HAVE_PTHREAD_H 1
| /* end confdefs.h.  */
| #include <stdio.h>
| #ifdef HAVE_SYS_TYPES_H
| # include <sys/types.h>
| #endif
| #ifdef HAVE_SYS_STAT_H
| # include <sys/stat.h>
| #endif
| #ifdef STDC_HEADERS
| # include <stdlib.h>
| # include <stddef.h>
| #else
| # ifdef HAVE_STDLIB_H
| #  include <stdlib.h>
| # endif
| #endif
| #ifdef HAVE_STRING_H
| # if !defined STDC_HEADERS && defined HAVE_MEMORY_H
| #  include <memory.h>
| # endif
| # include <string.h>
| #endif
| #ifdef HAVE_STRINGS_H
| # include <strings.h>
| #endif
| #ifdef HAVE_INTTYPES_H
| # include <inttypes.h>
| #endif
| #ifdef HAVE_STDINT_H
| # include <stdint.h>
| #endif
| #ifdef HAVE_UNISTD_H
| # include <unistd.h>
| #endif
| #include <zlib.h>
configure:5177: result: no
configure:5177: checking zlib.h presence
configure:5177: gcc -E  conftest.c
conftest.c:20:18: fatal error: zlib.h: No such file or directory
compilation terminated.
configure:5177: $? = 1
configure: failed program was:
| /* confdefs.h */
| #define PACKAGE_NAME "the_silver_searcher"
| #define PACKAGE_TARNAME "the_silver_searcher"
| #define PACKAGE_VERSION "0.24.1"
| #define PACKAGE_STRING "the_silver_searcher 0.24.1"
| #define PACKAGE_BUGREPORT "https://github.com/ggreer/the_silver_searcher/issues"
| #define PACKAGE_URL "https://github.com/ggreer/the_silver_searcher"
| #define STDC_HEADERS 1
| #define HAVE_SYS_TYPES_H 1
| #define HAVE_SYS_STAT_H 1
| #define HAVE_STDLIB_H 1
| #define HAVE_STRING_H 1
| #define HAVE_MEMORY_H 1
| #define HAVE_STRINGS_H 1
| #define HAVE_INTTYPES_H 1
| #define HAVE_STDINT_H 1
| #define HAVE_UNISTD_H 1
| #define HAVE_PTHREAD_H 1
| /* end confdefs.h.  */
| #include <zlib.h>
configure:5177: result: no
configure:5177: checking for zlib.h
configure:5177: result: no
configure:5187: checking for library containing inflate
configure:5218: gcc -o conftest -g -O2 -pthread   -Wall -Wextra -Wformat=2 -Wno-format-nonliteral -Wshadow -Wpointer-arith -Wcast-qual -Wmissing-prototypes -Wno-missing-braces -std=gnu89 -D_GNU_SOURCE -O2   conftest.c   >&5
/tmp/ccmCPOLK.o: In function `main':
/home/gpm300x/.vim/bundle/ag/conftest.c:31: undefined reference to `inflate'
collect2: ld returned 1 exit status
configure:5218: $? = 1
configure: failed program was:
| /* confdefs.h */
| #define PACKAGE_NAME "the_silver_searcher"
| #define PACKAGE_TARNAME "the_silver_searcher"
| #define PACKAGE_VERSION "0.24.1"
| #define PACKAGE_STRING "the_silver_searcher 0.24.1"
| #define PACKAGE_BUGREPORT "https://github.com/ggreer/the_silver_searcher/issues"
| #define PACKAGE_URL "https://github.com/ggreer/the_silver_searcher"
| #define STDC_HEADERS 1
| #define HAVE_SYS_TYPES_H 1
| #define HAVE_SYS_STAT_H 1
| #define HAVE_STDLIB_H 1
| #define HAVE_STRING_H 1
| #define HAVE_MEMORY_H 1
| #define HAVE_STRINGS_H 1
| #define HAVE_INTTYPES_H 1
| #define HAVE_STDINT_H 1
| #define HAVE_UNISTD_H 1
| #define HAVE_PTHREAD_H 1
| /* end confdefs.h.  */
| 
| /* Override any GCC internal prototype to avoid an error.
|    Use char because int might match the return type of a GCC
|    builtin and then its argument prototype would still apply.  */
| #ifdef __cplusplus
| extern "C"
| #endif
| char inflate ();
| int
| main ()
| {
| return inflate ();
|   ;
|   return 0;
| }
configure:5218: gcc -o conftest -g -O2 -pthread   -Wall -Wextra -Wformat=2 -Wno-format-nonliteral -Wshadow -Wpointer-arith -Wcast-qual -Wmissing-prototypes -Wno-missing-braces -std=gnu89 -D_GNU_SOURCE -O2   conftest.c -lzlib,    >&5
/usr/bin/ld: cannot find -lzlib,
collect2: ld returned 1 exit status
configure:5218: $? = 1
configure: failed program was:
| /* confdefs.h */
| #define PACKAGE_NAME "the_silver_searcher"
| #define PACKAGE_TARNAME "the_silver_searcher"
| #define PACKAGE_VERSION "0.24.1"
| #define PACKAGE_STRING "the_silver_searcher 0.24.1"
| #define PACKAGE_BUGREPORT "https://github.com/ggreer/the_silver_searcher/issues"
| #define PACKAGE_URL "https://github.com/ggreer/the_silver_searcher"
| #define STDC_HEADERS 1
| #define HAVE_SYS_TYPES_H 1
| #define HAVE_SYS_STAT_H 1
| #define HAVE_STDLIB_H 1
| #define HAVE_STRING_H 1
| #define HAVE_MEMORY_H 1
| #define HAVE_STRINGS_H 1
| #define HAVE_INTTYPES_H 1
| #define HAVE_STDINT_H 1
| #define HAVE_UNISTD_H 1
| #define HAVE_PTHREAD_H 1
| /* end confdefs.h.  */
| 
| /* Override any GCC internal prototype to avoid an error.
|    Use char because int might match the return type of a GCC
|    builtin and then its argument prototype would still apply.  */
| #ifdef __cplusplus
| extern "C"
| #endif
| char inflate ();
| int
| main ()
| {
| return inflate ();
|   ;
|   return 0;
| }
configure:5218: gcc -o conftest -g -O2 -pthread   -Wall -Wextra -Wformat=2 -Wno-format-nonliteral -Wshadow -Wpointer-arith -Wcast-qual -Wmissing-prototypes -Wno-missing-braces -std=gnu89 -D_GNU_SOURCE -O2   conftest.c -lz    >&5
/usr/bin/ld: cannot find -lz
collect2: ld returned 1 exit status
configure:5218: $? = 1
configure: failed program was:
| /* confdefs.h */
| #define PACKAGE_NAME "the_silver_searcher"
| #define PACKAGE_TARNAME "the_silver_searcher"
| #define PACKAGE_VERSION "0.24.1"
| #define PACKAGE_STRING "the_silver_searcher 0.24.1"
| #define PACKAGE_BUGREPORT "https://github.com/ggreer/the_silver_searcher/issues"
| #define PACKAGE_URL "https://github.com/ggreer/the_silver_searcher"
| #define STDC_HEADERS 1
| #define HAVE_SYS_TYPES_H 1
| #define HAVE_SYS_STAT_H 1
| #define HAVE_STDLIB_H 1
| #define HAVE_STRING_H 1
| #define HAVE_MEMORY_H 1
| #define HAVE_STRINGS_H 1
| #define HAVE_INTTYPES_H 1
| #define HAVE_STDINT_H 1
| #define HAVE_UNISTD_H 1
| #define HAVE_PTHREAD_H 1
| /* end confdefs.h.  */
| 
| /* Override any GCC internal prototype to avoid an error.
|    Use char because int might match the return type of a GCC
|    builtin and then its argument prototype would still apply.  */
| #ifdef __cplusplus
| extern "C"
| #endif
| char inflate ();
| int
| main ()
| {
| return inflate ();
|   ;
|   return 0;
| }
configure:5235: result: no
configure:5256: checking lzma.h usability
configure:5256: gcc -c -g -O2 -pthread   -Wall -Wextra -Wformat=2 -Wno-format-nonliteral -Wshadow -Wpointer-arith -Wcast-qual -Wmissing-prototypes -Wno-missing-braces -std=gnu89 -D_GNU_SOURCE -O2  conftest.c >&5
configure:5256: $? = 0
configure:5256: result: yes
configure:5256: checking lzma.h presence
configure:5256: gcc -E  conftest.c
configure:5256: $? = 0
configure:5256: result: yes
configure:5256: checking for lzma.h
configure:5256: result: yes
configure:5268: checking for LZMA
configure:5275: $PKG_CONFIG --exists --print-errors "liblzma"
configure:5278: $? = 0
configure:5292: $PKG_CONFIG --exists --print-errors "liblzma"
configure:5295: $? = 0
configure:5353: result: yes
configure:5360: checking whether PCRE_CONFIG_JIT is declared
configure:5360: gcc -c -g -O2 -pthread   -Wall -Wextra -Wformat=2 -Wno-format-nonliteral -Wshadow -Wpointer-arith -Wcast-qual -Wmissing-prototypes -Wno-missing-braces -std=gnu89 -D_GNU_SOURCE -O2  conftest.c >&5
conftest.c: In function 'main':
conftest.c:30:10: error: 'PCRE_CONFIG_JIT' undeclared (first use in this function)
conftest.c:30:10: note: each undeclared identifier is reported only once for each function it appears in
configure:5360: $? = 1
configure: failed program was:
| /* confdefs.h */
| #define PACKAGE_NAME "the_silver_searcher"
| #define PACKAGE_TARNAME "the_silver_searcher"
| #define PACKAGE_VERSION "0.24.1"
| #define PACKAGE_STRING "the_silver_searcher 0.24.1"
| #define PACKAGE_BUGREPORT "https://github.com/ggreer/the_silver_searcher/issues"
| #define PACKAGE_URL "https://github.com/ggreer/the_silver_searcher"
| #define STDC_HEADERS 1
| #define HAVE_SYS_TYPES_H 1
| #define HAVE_SYS_STAT_H 1
| #define HAVE_STDLIB_H 1
| #define HAVE_STRING_H 1
| #define HAVE_MEMORY_H 1
| #define HAVE_STRINGS_H 1
| #define HAVE_INTTYPES_H 1
| #define HAVE_STDINT_H 1
| #define HAVE_UNISTD_H 1
| #define HAVE_PTHREAD_H 1
| #define HAVE_LZMA_H 1
| /* end confdefs.h.  */
| #include <pcre.h>
| 
| int
| main ()
| {
| #ifndef PCRE_CONFIG_JIT
| #ifdef __cplusplus
|   (void) PCRE_CONFIG_JIT;
| #else
|   (void) PCRE_CONFIG_JIT;
| #endif
| #endif
| 
|   ;
|   return 0;
| }
configure:5360: result: no
configure:5369: checking for struct dirent.d_type
configure:5369: gcc -c -g -O2 -pthread   -Wall -Wextra -Wformat=2 -Wno-format-nonliteral -Wshadow -Wpointer-arith -Wcast-qual -Wmissing-prototypes -Wno-missing-braces -std=gnu89 -D_GNU_SOURCE -O2  conftest.c >&5
configure:5369: $? = 0
configure:5369: result: yes
configure:5381: checking for fgetln
configure:5381: gcc -o conftest -g -O2 -pthread   -Wall -Wextra -Wformat=2 -Wno-format-nonliteral -Wshadow -Wpointer-arith -Wcast-qual -Wmissing-prototypes -Wno-missing-braces -std=gnu89 -D_GNU_SOURCE -O2   conftest.c   >&5
/tmp/ccWqHDIW.o: In function `main':
/home/gpm300x/.vim/bundle/ag/conftest.c:56: undefined reference to `fgetln'
collect2: ld returned 1 exit status
configure:5381: $? = 1
configure: failed program was:
| /* confdefs.h */
| #define PACKAGE_NAME "the_silver_searcher"
| #define PACKAGE_TARNAME "the_silver_searcher"
| #define PACKAGE_VERSION "0.24.1"
| #define PACKAGE_STRING "the_silver_searcher 0.24.1"
| #define PACKAGE_BUGREPORT "https://github.com/ggreer/the_silver_searcher/issues"
| #define PACKAGE_URL "https://github.com/ggreer/the_silver_searcher"
| #define STDC_HEADERS 1
| #define HAVE_SYS_TYPES_H 1
| #define HAVE_SYS_STAT_H 1
| #define HAVE_STDLIB_H 1
| #define HAVE_STRING_H 1
| #define HAVE_MEMORY_H 1
| #define HAVE_STRINGS_H 1
| #define HAVE_INTTYPES_H 1
| #define HAVE_STDINT_H 1
| #define HAVE_UNISTD_H 1
| #define HAVE_PTHREAD_H 1
| #define HAVE_LZMA_H 1
| #define HAVE_DIRENT_DTYPE /**/
| /* end confdefs.h.  */
| /* Define fgetln to an innocuous variant, in case <limits.h> declares fgetln.
|    For example, HP-UX 11i <limits.h> declares gettimeofday.  */
| #define fgetln innocuous_fgetln
| 
| /* System header to define __stub macros and hopefully few prototypes,
|     which can conflict with char fgetln (); below.
|     Prefer <limits.h> to <assert.h> if __STDC__ is defined, since
|     <limits.h> exists even on freestanding compilers.  */
| 
| #ifdef __STDC__
| # include <limits.h>
| #else
| # include <assert.h>
| #endif
| 
| #undef fgetln
| 
| /* Override any GCC internal prototype to avoid an error.
|    Use char because int might match the return type of a GCC
|    builtin and then its argument prototype would still apply.  */
| #ifdef __cplusplus
| extern "C"
| #endif
| char fgetln ();
| /* The GNU C library defines this for functions which it implements
|     to always fail with ENOSYS.  Some functions are actually named
|     something starting with __ and the normal name is an alias.  */
| #if defined __stub_fgetln || defined __stub___fgetln
| choke me
| #endif
| 
| int
| main ()
| {
| return fgetln ();
|   ;
|   return 0;
| }
configure:5381: result: no
configure:5381: checking for getline
configure:5381: gcc -o conftest -g -O2 -pthread   -Wall -Wextra -Wformat=2 -Wno-format-nonliteral -Wshadow -Wpointer-arith -Wcast-qual -Wmissing-prototypes -Wno-missing-braces -std=gnu89 -D_GNU_SOURCE -O2   conftest.c   >&5
configure:5381: $? = 0
configure:5381: result: yes
configure:5381: checking for realpath
configure:5381: gcc -o conftest -g -O2 -pthread   -Wall -Wextra -Wformat=2 -Wno-format-nonliteral -Wshadow -Wpointer-arith -Wcast-qual -Wmissing-prototypes -Wno-missing-braces -std=gnu89 -D_GNU_SOURCE -O2   conftest.c   >&5
configure:5381: $? = 0
configure:5381: result: yes
configure:5381: checking for strlcpy
configure:5381: gcc -o conftest -g -O2 -pthread   -Wall -Wextra -Wformat=2 -Wno-format-nonliteral -Wshadow -Wpointer-arith -Wcast-qual -Wmissing-prototypes -Wno-missing-braces -std=gnu89 -D_GNU_SOURCE -O2   conftest.c   >&5
/tmp/ccEm7cxc.o: In function `main':
/home/gpm300x/.vim/bundle/ag/conftest.c:58: undefined reference to `strlcpy'
collect2: ld returned 1 exit status
configure:5381: $? = 1
configure: failed program was:
| /* confdefs.h */
| #define PACKAGE_NAME "the_silver_searcher"
| #define PACKAGE_TARNAME "the_silver_searcher"
| #define PACKAGE_VERSION "0.24.1"
| #define PACKAGE_STRING "the_silver_searcher 0.24.1"
| #define PACKAGE_BUGREPORT "https://github.com/ggreer/the_silver_searcher/issues"
| #define PACKAGE_URL "https://github.com/ggreer/the_silver_searcher"
| #define STDC_HEADERS 1
| #define HAVE_SYS_TYPES_H 1
| #define HAVE_SYS_STAT_H 1
| #define HAVE_STDLIB_H 1
| #define HAVE_STRING_H 1
| #define HAVE_MEMORY_H 1
| #define HAVE_STRINGS_H 1
| #define HAVE_INTTYPES_H 1
| #define HAVE_STDINT_H 1
| #define HAVE_UNISTD_H 1
| #define HAVE_PTHREAD_H 1
| #define HAVE_LZMA_H 1
| #define HAVE_DIRENT_DTYPE /**/
| #define HAVE_GETLINE 1
| #define HAVE_REALPATH 1
| /* end confdefs.h.  */
| /* Define strlcpy to an innocuous variant, in case <limits.h> declares strlcpy.
|    For example, HP-UX 11i <limits.h> declares gettimeofday.  */
| #define strlcpy innocuous_strlcpy
| 
| /* System header to define __stub macros and hopefully few prototypes,
|     which can conflict with char strlcpy (); below.
|     Prefer <limits.h> to <assert.h> if __STDC__ is defined, since
|     <limits.h> exists even on freestanding compilers.  */
| 
| #ifdef __STDC__
| # include <limits.h>
| #else
| # include <assert.h>
| #endif
| 
| #undef strlcpy
| 
| /* Override any GCC internal prototype to avoid an error.
|    Use char because int might match the return type of a GCC
|    builtin and then its argument prototype would still apply.  */
| #ifdef __cplusplus
| extern "C"
| #endif
| char strlcpy ();
| /* The GNU C library defines this for functions which it implements
|     to always fail with ENOSYS.  Some functions are actually named
|     something starting with __ and the normal name is an alias.  */
| #if defined __stub_strlcpy || defined __stub___strlcpy
| choke me
| #endif
| 
| int
| main ()
| {
| return strlcpy ();
|   ;
|   return 0;
| }
configure:5381: result: no
configure:5381: checking for strndup
configure:5381: gcc -o conftest -g -O2 -pthread   -Wall -Wextra -Wformat=2 -Wno-format-nonliteral -Wshadow -Wpointer-arith -Wcast-qual -Wmissing-prototypes -Wno-missing-braces -std=gnu89 -D_GNU_SOURCE -O2   conftest.c   >&5
conftest.c:47:6: warning: conflicting types for built-in function 'strndup' [enabled by default]
configure:5381: $? = 0
configure:5381: result: yes
configure:5381: checking for vasprintf
configure:5381: gcc -o conftest -g -O2 -pthread   -Wall -Wextra -Wformat=2 -Wno-format-nonliteral -Wshadow -Wpointer-arith -Wcast-qual -Wmissing-prototypes -Wno-missing-braces -std=gnu89 -D_GNU_SOURCE -O2   conftest.c   >&5
configure:5381: $? = 0
configure:5381: result: yes
configure:5381: checking for madvise
configure:5381: gcc -o conftest -g -O2 -pthread   -Wall -Wextra -Wformat=2 -Wno-format-nonliteral -Wshadow -Wpointer-arith -Wcast-qual -Wmissing-prototypes -Wno-missing-braces -std=gnu89 -D_GNU_SOURCE -O2   conftest.c   >&5
configure:5381: $? = 0
configure:5381: result: yes
configure:5381: checking for posix_fadvise
configure:5381: gcc -o conftest -g -O2 -pthread   -Wall -Wextra -Wformat=2 -Wno-format-nonliteral -Wshadow -Wpointer-arith -Wcast-qual -Wmissing-prototypes -Wno-missing-braces -std=gnu89 -D_GNU_SOURCE -O2   conftest.c   >&5
configure:5381: $? = 0
configure:5381: result: yes
configure:5526: creating ./config.status

## ---------------------- ##
## Running config.status. ##
## ---------------------- ##

This file was extended by the_silver_searcher config.status 0.24.1, which was
generated by GNU Autoconf 2.68.  Invocation command line was

  CONFIG_FILES    = 
  CONFIG_HEADERS  = 
  CONFIG_LINKS    = 
  CONFIG_COMMANDS = 
  $ ./config.status 

on gpm300x-VirtualBox

config.status:893: creating Makefile
config.status:893: creating the_silver_searcher.spec
config.status:893: creating src/config.h
config.status:1122: executing depfiles commands

## ---------------- ##
## Cache variables. ##
## ---------------- ##

ac_cv_build=i686-pc-linux-gnu
ac_cv_c_compiler_gnu=yes
ac_cv_env_CC_set=
ac_cv_env_CC_value=
ac_cv_env_CFLAGS_set=
ac_cv_env_CFLAGS_value=
ac_cv_env_CPPFLAGS_set=
ac_cv_env_CPPFLAGS_value=
ac_cv_env_CPP_set=
ac_cv_env_CPP_value=
ac_cv_env_LDFLAGS_set=
ac_cv_env_LDFLAGS_value=
ac_cv_env_LIBS_set=
ac_cv_env_LIBS_value=
ac_cv_env_LZMA_CFLAGS_set=
ac_cv_env_LZMA_CFLAGS_value=
ac_cv_env_LZMA_LIBS_set=
ac_cv_env_LZMA_LIBS_value=
ac_cv_env_PCRE_CFLAGS_set=
ac_cv_env_PCRE_CFLAGS_value=
ac_cv_env_PCRE_LIBS_set=
ac_cv_env_PCRE_LIBS_value=
ac_cv_env_PKG_CONFIG_LIBDIR_set=
ac_cv_env_PKG_CONFIG_LIBDIR_value=
ac_cv_env_PKG_CONFIG_PATH_set=
ac_cv_env_PKG_CONFIG_PATH_value=
ac_cv_env_PKG_CONFIG_set=
ac_cv_env_PKG_CONFIG_value=
ac_cv_env_build_alias_set=
ac_cv_env_build_alias_value=
ac_cv_env_host_alias_set=
ac_cv_env_host_alias_value=
ac_cv_env_target_alias_set=
ac_cv_env_target_alias_value=
ac_cv_func_fgetln=no
ac_cv_func_getline=yes
ac_cv_func_madvise=yes
ac_cv_func_posix_fadvise=yes
ac_cv_func_realpath=yes
ac_cv_func_strlcpy=no
ac_cv_func_strndup=yes
ac_cv_func_vasprintf=yes
ac_cv_have_decl_PCRE_CONFIG_JIT=no
ac_cv_header_inttypes_h=yes
ac_cv_header_lzma_h=yes
ac_cv_header_memory_h=yes
ac_cv_header_pthread_h=yes
ac_cv_header_stdc=yes
ac_cv_header_stdint_h=yes
ac_cv_header_stdlib_h=yes
ac_cv_header_string_h=yes
ac_cv_header_strings_h=yes
ac_cv_header_sys_stat_h=yes
ac_cv_header_sys_types_h=yes
ac_cv_header_unistd_h=yes
ac_cv_header_zlib_h=no
ac_cv_host=i686-pc-linux-gnu
ac_cv_member_struct_dirent_d_type=yes
ac_cv_objext=o
ac_cv_path_EGREP='/bin/grep -E'
ac_cv_path_GREP=/bin/grep
ac_cv_path_ac_pt_PKG_CONFIG=/usr/bin/pkg-config
ac_cv_path_install='/usr/bin/install -c'
ac_cv_path_mkdir=/bin/mkdir
ac_cv_prog_AWK=mawk
ac_cv_prog_CPP='gcc -E'
ac_cv_prog_ac_ct_CC=gcc
ac_cv_prog_cc_c89=
ac_cv_prog_cc_g=yes
ac_cv_prog_cc_gcc_c_o=yes
ac_cv_prog_make_make_set=yes
ac_cv_search_inflate=no
am_cv_CC_dependencies_compiler_type=gcc3
am_cv_make_support_nested_variables=yes
ax_cv_PTHREAD_PRIO_INHERIT=no
pkg_cv_LZMA_CFLAGS=' '
pkg_cv_LZMA_LIBS='-llzma  '
pkg_cv_PCRE_CFLAGS=' '
pkg_cv_PCRE_LIBS='-lpcre  '

## ----------------- ##
## Output variables. ##
## ----------------- ##

ACLOCAL='${SHELL} /home/gpm300x/.vim/bundle/ag/missing --run aclocal-1.11'
AMDEPBACKSLASH='\'
AMDEP_FALSE='#'
AMDEP_TRUE=''
AMTAR='$${TAR-tar}'
AM_BACKSLASH='\'
AM_DEFAULT_V='$(AM_DEFAULT_VERBOSITY)'
AM_DEFAULT_VERBOSITY='0'
AM_V='$(V)'
AUTOCONF='${SHELL} /home/gpm300x/.vim/bundle/ag/missing --run autoconf'
AUTOHEADER='${SHELL} /home/gpm300x/.vim/bundle/ag/missing --run autoheader'
AUTOMAKE='${SHELL} /home/gpm300x/.vim/bundle/ag/missing --run automake-1.11'
AWK='mawk'
CC='gcc'
CCDEPMODE='depmode=gcc3'
CFLAGS='-g -O2 -pthread   -Wall -Wextra -Wformat=2 -Wno-format-nonliteral -Wshadow -Wpointer-arith -Wcast-qual -Wmissing-prototypes -Wno-missing-braces -std=gnu89 -D_GNU_SOURCE -O2'
CPP='gcc -E'
CPPFLAGS=''
CYGPATH_W='echo'
DEFS='-DHAVE_CONFIG_H'
DEPDIR='.deps'
ECHO_C=''
ECHO_N='-n'
ECHO_T=''
EGREP='/bin/grep -E'
EXEEXT=''
GREP='/bin/grep'
INSTALL_DATA='${INSTALL} -m 644'
INSTALL_PROGRAM='${INSTALL}'
INSTALL_SCRIPT='${INSTALL}'
INSTALL_STRIP_PROGRAM='$(install_sh) -c -s'
LDFLAGS=''
LIBOBJS=''
LIBS=' '
LTLIBOBJS=''
LZMA_CFLAGS=' '
LZMA_LIBS='-llzma  '
MAKEINFO='${SHELL} /home/gpm300x/.vim/bundle/ag/missing --run makeinfo'
MKDIR_P='/bin/mkdir -p'
OBJEXT='o'
PACKAGE='the_silver_searcher'
PACKAGE_BUGREPORT='https://github.com/ggreer/the_silver_searcher/issues'
PACKAGE_NAME='the_silver_searcher'
PACKAGE_STRING='the_silver_searcher 0.24.1'
PACKAGE_TARNAME='the_silver_searcher'
PACKAGE_URL='https://github.com/ggreer/the_silver_searcher'
PACKAGE_VERSION='0.24.1'
PATH_SEPARATOR=':'
PCRE_CFLAGS=' '
PCRE_LIBS='-lpcre  '
PKG_CONFIG='/usr/bin/pkg-config'
PKG_CONFIG_LIBDIR=''
PKG_CONFIG_PATH=''
PTHREAD_CC='gcc'
PTHREAD_CFLAGS='-pthread'
PTHREAD_LIBS=''
SET_MAKE=''
SHELL='/bin/bash'
STRIP=''
VERSION='0.24.1'
ac_ct_CC='gcc'
am__EXEEXT_FALSE=''
am__EXEEXT_TRUE='#'
am__fastdepCC_FALSE='#'
am__fastdepCC_TRUE=''
am__include='include'
am__isrc=''
am__leading_dot='.'
am__nodep='_no'
am__quote=''
am__tar='$${TAR-tar} chof - "$$tardir"'
am__untar='$${TAR-tar} xf -'
ax_pthread_config=''
bindir='${exec_prefix}/bin'
build='i686-pc-linux-gnu'
build_alias=''
build_cpu='i686'
build_os='linux-gnu'
build_vendor='pc'
datadir='${datarootdir}'
datarootdir='${prefix}/share'
docdir='${datarootdir}/doc/${PACKAGE_TARNAME}'
dvidir='${docdir}'
exec_prefix='${prefix}'
host='i686-pc-linux-gnu'
host_alias=''
host_cpu='i686'
host_os='linux-gnu'
host_vendor='pc'
htmldir='${docdir}'
includedir='${prefix}/include'
infodir='${datarootdir}/info'
install_sh='${SHELL} /home/gpm300x/.vim/bundle/ag/install-sh'
libdir='${exec_prefix}/lib'
libexecdir='${exec_prefix}/libexec'
localedir='${datarootdir}/locale'
localstatedir='${prefix}/var'
mandir='${datarootdir}/man'
mkdir_p='/bin/mkdir -p'
oldincludedir='/usr/include'
pdfdir='${docdir}'
prefix='/usr/local'
program_transform_name='s,x,x,'
psdir='${docdir}'
sbindir='${exec_prefix}/sbin'
sharedstatedir='${prefix}/com'
sysconfdir='${prefix}/etc'
target_alias=''

## ----------- ##
## confdefs.h. ##
## ----------- ##

/* confdefs.h */
#define PACKAGE_NAME "the_silver_searcher"
#define PACKAGE_TARNAME "the_silver_searcher"
#define PACKAGE_VERSION "0.24.1"
#define PACKAGE_STRING "the_silver_searcher 0.24.1"
#define PACKAGE_BUGREPORT "https://github.com/ggreer/the_silver_searcher/issues"
#define PACKAGE_URL "https://github.com/ggreer/the_silver_searcher"
#define STDC_HEADERS 1
#define HAVE_SYS_TYPES_H 1
#define HAVE_SYS_STAT_H 1
#define HAVE_STDLIB_H 1
#define HAVE_STRING_H 1
#define HAVE_MEMORY_H 1
#define HAVE_STRINGS_H 1
#define HAVE_INTTYPES_H 1
#define HAVE_STDINT_H 1
#define HAVE_UNISTD_H 1
#define HAVE_PTHREAD_H 1
#define HAVE_LZMA_H 1
#define HAVE_DIRENT_DTYPE /**/
#define HAVE_GETLINE 1
#define HAVE_REALPATH 1
#define HAVE_STRNDUP 1
#define HAVE_VASPRINTF 1
#define HAVE_MADVISE 1
#define HAVE_POSIX_FADVISE 1

configure: exit 0
